<?xml version="1.0" encoding="UTF-8"?>
<testsuite xmlns:xsi="http://www.w3.org/2001/XMLSchema-instance" xsi:schemaLocation="https://maven.apache.org/surefire/maven-surefire-plugin/xsd/surefire-test-report.xsd" name="TestSuite" time="46.678" tests="5" errors="0" skipped="3" failures="1">
  <properties>
[...]
</properties>
  <testcase name="launchApp" classname="delta.main.DeltaDriver" time="18.798">
    <failure message="Error forwarding the new session cannot find : Capabilities [{browserName=firefox}]&#10;Command duration or timeout: 5.85 seconds&#10;Build info: version: &apos;2.53.1&apos;, revision: &apos;a36b8b1cd5757287168e54b817830adce9b0158d&apos;, time: &apos;2016-06-30 19:26:09&apos;&#10;System info: host: &apos;CBT-013&apos;, ip: &apos;10.10.4.65&apos;, os.name: &apos;Windows 8.1&apos;, os.arch: &apos;amd64&apos;, os.version: &apos;6.3&apos;, java.version: &apos;1.8.0_73&apos;&#10;Driver info: org.openqa.selenium.remote.RemoteWebDriver" type="org.openqa.selenium.WebDriverException">org.openqa.selenium.WebDriverException: 
Error forwarding the new session cannot find : Capabilities [{browserName=firefox}]
Command duration or timeout: 5.85 seconds
Build info: version: '2.53.1', revision: 'a36b8b1cd5757287168e54b817830adce9b0158d', time: '2016-06-30 19:26:09'
System info: host: 'CBT-013', ip: '10.10.4.65', os.name: 'Windows 8.1', os.arch: 'amd64', os.version: '6.3', java.version: '1.8.0_73'
Driver info: org.openqa.selenium.remote.RemoteWebDriver
	at delta.main.DeltaDriver.launchApp(DeltaDriver.java:56)
Caused by: org.openqa.selenium.WebDriverException: 
Error forwarding the new session cannot find : Capabilities [{browserName=firefox}]
Build info: version: '2.53.1', revision: 'a36b8b1cd5757287168e54b817830adce9b0158d', time: '2016-06-30 19:26:09'
System info: host: 'CBT-013', ip: '10.10.4.65', os.name: 'Windows 8.1', os.arch: 'amd64', os.version: '6.3', java.version: '1.8.0_73'
Driver info: driver.version: unknown
</failure>
    <system-out><![CDATA[http://demo.actitime.com/
http://demo.actitime.com/
]]></system-out>
  </testcase>
  <testcase name="testScenarios" classname="delta.main.DeltaDriver" time="0">
    <skipped/>
  </testcase>
  <testcase name="testScenarios" classname="delta.main.DeltaDriver" time="12.404"/>
  <testcase name="quitApp" classname="delta.main.DeltaDriver" time="0">
    <skipped/>
  </testcase>
  <testcase name="endFramework" classname="delta.main.DeltaDriver" time="0">
    <skipped/>
  </testcase>
</testsuite>